Watching for file changes with StatReloader
Not Found: /favicon.ico
C:\Users\pc\Desktop\football biding\BidBazaar\auctions\urls.py changed, reloading.
Watching for file changes with StatReloader
Not Found: /media/
Not Found: /media/
Not Found: /media/
Not Found: /media/
Not Found: /media/
Not Found: /media/
Not Found: /media/
Not Found: /media/
Not Found: /media/
Not Found: /media/
Not Found: /media/
Not Found: /media/
Not Found: /media/
Not Found: /media/
Not Found: /media/
Not Found: /media/
Not Found: /media/
Not Found: /media/
Not Found: /media/
Not Found: /media/
Not Found: /media/
Not Found: /media/
Not Found: /media/
Not Found: /media/
Not Found: /media/
Not Found: /media/
Not Found: /media/
Not Found: /media/
Not Found: /media/
Not Found: /media/
Watching for file changes with StatReloader
Not Found: /media/
<<<<<<< HEAD
Not Found: /favicon.ico
Not Found: /media/
Not Found: /media/
Not Found: /media/
Bids for listing 4: <QuerySet []>
No bids found for listing 4
Bids for listing 4: <QuerySet []>
No bids found for listing 4
Not Found: /media/
/media/asif/Mahbub1/sapin/SoccerBID/auctions/models.py changed, reloading.
Using selector: EpollSelector
Watching for file changes with StatReloader
/media/asif/Mahbub1/sapin/SoccerBID/auctions/models.py changed, reloading.
Using selector: EpollSelector
Watching for file changes with StatReloader
/media/asif/Mahbub1/sapin/SoccerBID/auctions/models.py changed, reloading.
Using selector: EpollSelector
Watching for file changes with StatReloader
/media/asif/Mahbub1/sapin/SoccerBID/auctions/models.py changed, reloading.
Using selector: EpollSelector
Watching for file changes with StatReloader
Using selector: EpollSelector
Using selector: EpollSelector
Using selector: EpollSelector
Using selector: EpollSelector
Watching for file changes with StatReloader
/media/asif/Mahbub1/sapin/SoccerBID/auctions/models.py changed, reloading.
Using selector: EpollSelector
Watching for file changes with StatReloader
/media/asif/Mahbub1/sapin/SoccerBID/auctions/models.py changed, reloading.
Watching for file changes with StatReloader
Not Found: /media/
Not Found: /media/
/media/asif/Mahbub1/sapin/SoccerBID/auctions/urls.py changed, reloading.
Using selector: EpollSelector
Watching for file changes with StatReloader
/media/asif/Mahbub1/sapin/SoccerBID/auctions/urls.py changed, reloading.
Using selector: EpollSelector
Watching for file changes with StatReloader
=======
Not Found: /media/
Not Found: /media/
Not Found: /media/
Not Found: /media/
Not Found: /media/
Not Found: /media/
Not Found: /media/
Not Found: /media/
Not Found: /media/
Not Found: /media/
Not Found: /media/
Not Found: /media/
Not Found: /media/
Not Found: /media/
Not Found: /media/
Not Found: /media/
Not Found: /media/
Not Found: /media/
Not Found: /media/
Not Found: /media/
Not Found: /media/
C:\Users\pc\Desktop\football biding\SoccerBID\auctions\forms.py changed, reloading.
Watching for file changes with StatReloader
C:\Users\pc\Desktop\football biding\SoccerBID\auctions\forms.py changed, reloading.
Watching for file changes with StatReloader
C:\Users\pc\Desktop\football biding\SoccerBID\auctions\forms.py changed, reloading.
Watching for file changes with StatReloader
C:\Users\pc\Desktop\football biding\SoccerBID\auctions\forms.py changed, reloading.
Watching for file changes with StatReloader
C:\Users\pc\Desktop\football biding\SoccerBID\auctions\forms.py changed, reloading.
Watching for file changes with StatReloader
C:\Users\pc\Desktop\football biding\SoccerBID\auctions\forms.py changed, reloading.
Watching for file changes with StatReloader
C:\Users\pc\Desktop\football biding\SoccerBID\auctions\forms.py changed, reloading.
Watching for file changes with StatReloader
C:\Users\pc\Desktop\football biding\SoccerBID\auctions\forms.py changed, reloading.
Watching for file changes with StatReloader
C:\Users\pc\Desktop\football biding\SoccerBID\auctions\forms.py changed, reloading.
Watching for file changes with StatReloader
C:\Users\pc\Desktop\football biding\SoccerBID\auctions\forms.py changed, reloading.
Watching for file changes with StatReloader
C:\Users\pc\Desktop\football biding\SoccerBID\auctions\forms.py changed, reloading.
Watching for file changes with StatReloader
C:\Users\pc\Desktop\football biding\SoccerBID\auctions\forms.py changed, reloading.
Watching for file changes with StatReloader
C:\Users\pc\Desktop\football biding\SoccerBID\auctions\forms.py changed, reloading.
Watching for file changes with StatReloader
C:\Users\pc\Desktop\football biding\SoccerBID\auctions\forms.py changed, reloading.
Watching for file changes with StatReloader
C:\Users\pc\Desktop\football biding\SoccerBID\auctions\forms.py changed, reloading.
Watching for file changes with StatReloader
C:\Users\pc\Desktop\football biding\SoccerBID\auctions\forms.py changed, reloading.
Watching for file changes with StatReloader
C:\Users\pc\Desktop\football biding\SoccerBID\auctions\forms.py changed, reloading.
Watching for file changes with StatReloader
C:\Users\pc\Desktop\football biding\SoccerBID\auctions\forms.py changed, reloading.
Watching for file changes with StatReloader
C:\Users\pc\Desktop\football biding\SoccerBID\auctions\forms.py changed, reloading.
Watching for file changes with StatReloader
C:\Users\pc\Desktop\football biding\SoccerBID\auctions\forms.py changed, reloading.
Watching for file changes with StatReloader
C:\Users\pc\Desktop\football biding\SoccerBID\auctions\forms.py changed, reloading.
Watching for file changes with StatReloader
C:\Users\pc\Desktop\football biding\SoccerBID\auctions\forms.py changed, reloading.
Watching for file changes with StatReloader
C:\Users\pc\Desktop\football biding\SoccerBID\auctions\forms.py changed, reloading.
Watching for file changes with StatReloader
C:\Users\pc\Desktop\football biding\SoccerBID\auctions\forms.py changed, reloading.
Watching for file changes with StatReloader
C:\Users\pc\Desktop\football biding\SoccerBID\auctions\forms.py changed, reloading.
Watching for file changes with StatReloader
C:\Users\pc\Desktop\football biding\SoccerBID\auctions\forms.py changed, reloading.
Watching for file changes with StatReloader
C:\Users\pc\Desktop\football biding\SoccerBID\auctions\forms.py changed, reloading.
Watching for file changes with StatReloader
C:\Users\pc\Desktop\football biding\SoccerBID\auctions\forms.py changed, reloading.
Watching for file changes with StatReloader
C:\Users\pc\Desktop\football biding\SoccerBID\auctions\forms.py changed, reloading.
Watching for file changes with StatReloader
C:\Users\pc\Desktop\football biding\SoccerBID\auctions\forms.py changed, reloading.
Watching for file changes with StatReloader
C:\Users\pc\Desktop\football biding\SoccerBID\auctions\forms.py changed, reloading.
Watching for file changes with StatReloader
C:\Users\pc\Desktop\football biding\SoccerBID\auctions\forms.py changed, reloading.
Watching for file changes with StatReloader
C:\Users\pc\Desktop\football biding\SoccerBID\auctions\forms.py changed, reloading.
Watching for file changes with StatReloader
C:\Users\pc\Desktop\football biding\SoccerBID\auctions\forms.py changed, reloading.
Watching for file changes with StatReloader
C:\Users\pc\Desktop\football biding\SoccerBID\auctions\forms.py changed, reloading.
Watching for file changes with StatReloader
C:\Users\pc\Desktop\football biding\SoccerBID\auctions\forms.py changed, reloading.
Watching for file changes with StatReloader
C:\Users\pc\Desktop\football biding\SoccerBID\auctions\forms.py changed, reloading.
Watching for file changes with StatReloader
C:\Users\pc\Desktop\football biding\SoccerBID\auctions\forms.py changed, reloading.
Watching for file changes with StatReloader
C:\Users\pc\Desktop\football biding\SoccerBID\auctions\forms.py changed, reloading.
Watching for file changes with StatReloader
C:\Users\pc\Desktop\football biding\SoccerBID\auctions\forms.py changed, reloading.
Watching for file changes with StatReloader
C:\Users\pc\Desktop\football biding\SoccerBID\auctions\forms.py changed, reloading.
Watching for file changes with StatReloader
C:\Users\pc\Desktop\football biding\SoccerBID\auctions\forms.py changed, reloading.
Watching for file changes with StatReloader
C:\Users\pc\Desktop\football biding\SoccerBID\auctions\forms.py changed, reloading.
Watching for file changes with StatReloader
Not Found: /media/
Not Found: /media/
<<<<<<< HEAD
Not Found: /media/
Not Found: /media/
Not Found: /media/
Not Found: /media/
Not Found: /media/
Not Found: /media/
Not Found: /media/
Not Found: /media/
Not Found: /media/
Not Found: /media/
Not Found: /media/
Not Found: /media/
Not Found: /media/
Not Found: /media/
Not Found: /media/
Not Found: /media/
Not Found: /media/
Not Found: /media/
Not Found: /media/
Not Found: /media/
Not Found: /media/
Not Found: /media/
Not Found: /media/
Not Found: /media/
Not Found: /media/
Bids for listing 14: <QuerySet []>
No bids found for listing 14
Bids for listing 14: <QuerySet []>
No bids found for listing 14
Not Found: /media/
Bids for listing 18: <QuerySet []>
No bids found for listing 18
Not Found: /media/
Not Found: /media/
Bids for listing 15: <QuerySet []>
No bids found for listing 15
Not Found: /media/
Not Found: /media/
Not Found: /media/
Not Found: /media/
Not Found: /media/
Not Found: /media/
Not Found: /media/
Not Found: /media/
Not Found: /media/
Not Found: /media/
Not Found: /media/
Not Found: /media/
Not Found: /media/
Not Found: /media/
Not Found: /media/
Not Found: /media/
Not Found: /media/
Not Found: /media/
Not Found: /media/
Not Found: /media/
Not Found: /media/
C:\Users\pc\Desktop\football biding\SoccerBID\auctions\views.py changed, reloading.
Watching for file changes with StatReloader
C:\Users\pc\Desktop\football biding\SoccerBID\auctions\models.py changed, reloading.
=======
>>>>>>> 018869d765c2a08eec6c0aeca0b2611c56b0dd6f
>>>>>>> 53e52f2195f4cb00aaaf6d3b13c4966c5921b3e7
Watching for file changes with StatReloader
Using selector: EpollSelector
Using selector: EpollSelector
Watching for file changes with StatReloader
Watching for file changes with StatReloader
Not Found: /media/
Not Found: /media/
Not Found: /admin/toggle-agent/9/
Not Found: /admin/toggle-agent/10/
Watching for file changes with StatReloader
Not Found: /admin/toggle-agent/9/
Not Found: /admin/toggle-agent/8/
Not Found: /admin/toggle-agent/7/
/media/asif/Mahbub1/sapin/SoccerBID/auctions/urls.py changed, reloading.
Using selector: EpollSelector
Watching for file changes with StatReloader
Using selector: EpollSelector
Watching for file changes with StatReloader
Not Found: /media/
Not Found: /media/
Not Found: /media/
Not Found: /media/
Not Found: /media/
Not Found: /media/
/media/asif/Mahbub1/tst/SoccerBID/auctions/urls.py changed, reloading.
Using selector: EpollSelector
Watching for file changes with StatReloader
Forbidden (CSRF token missing or incorrect.): /admin/toggle-agent/7/
Using selector: EpollSelector
Using selector: EpollSelector
Watching for file changes with StatReloader
Not Found: /admin/toggle-agent/7/
Not Found: /media/
Not Found: /media/
Watching for file changes with StatReloader
Not Found: /media/
Not Found: /media/
Not Found: /media/
Not Found: /media/
Not Found: /media/
Not Found: /media/
Not Found: /media/
Not Found: /media/
Not Found: /media/
Not Found: /media/
Not Found: /media/
Not Found: /media/
Not Found: /media/
Not Found: /media/
Bids for listing 21: <QuerySet []>
No bids found for listing 21
Not Found: /media/
Not Found: /media/
Not Found: /media/
Not Found: /media/
Not Found: /media/
Not Found: /media/
Bids for listing 21: <QuerySet []>
No bids found for listing 21
Bids for listing 21: <QuerySet []>
No bids found for listing 21
Not Found: /media/
Not Found: /media/
Bids for listing 21: <QuerySet []>
No bids found for listing 21
Bids for listing 21: <QuerySet []>
No bids found for listing 21
Not Found: /media/
Not Found: /media/
Not Found: /media/
Not Found: /media/
Bids for listing 21: <QuerySet []>
No bids found for listing 21
Bids for listing 21: <QuerySet [<Bid: Bid object (6)>]>
Highest bidder for listing 21: gmail
Not Found: /media/
Not Found: /media/
Not Found: /media/
Not Found: /media/
Not Found: /media/
Not Found: /media/
Not Found: /media/
Not Found: /media/
Not Found: /media/
Bids for listing 21: <QuerySet [<Bid: Bid object (6)>]>
Highest bidder for listing 21: gmail
Bids for listing 21: <QuerySet [<Bid: Bid object (6)>]>
Highest bidder for listing 21: gmail
Bids for listing 19: <QuerySet []>
No bids found for listing 19
Bids for listing 19: <QuerySet []>
No bids found for listing 19
Bids for listing 19: <QuerySet []>
No bids found for listing 19
Bids for listing 19: <QuerySet []>
No bids found for listing 19
Internal Server Error: /
Traceback (most recent call last):
  File "C:\Users\pc\AppData\Local\Packages\PythonSoftwareFoundation.Python.3.11_qbz5n2kfra8p0\LocalCache\local-packages\Python311\site-packages\django\template\base.py", line 502, in parse
    compile_func = self.tags[command]
                   ~~~~~~~~~^^^^^^^^^
KeyError: 'endif'

During handling of the above exception, another exception occurred:

Traceback (most recent call last):
  File "C:\Users\pc\AppData\Local\Packages\PythonSoftwareFoundation.Python.3.11_qbz5n2kfra8p0\LocalCache\local-packages\Python311\site-packages\django\core\handlers\exception.py", line 55, in inner
    response = get_response(request)
               ^^^^^^^^^^^^^^^^^^^^^
  File "C:\Users\pc\AppData\Local\Packages\PythonSoftwareFoundation.Python.3.11_qbz5n2kfra8p0\LocalCache\local-packages\Python311\site-packages\django\core\handlers\base.py", line 197, in _get_response
    response = wrapped_callback(request, *callback_args, **callback_kwargs)
               ^^^^^^^^^^^^^^^^^^^^^^^^^^^^^^^^^^^^^^^^^^^^^^^^^^^^^^^^^^^^
  File "C:\Users\pc\Desktop\football biding\SoccerBID\auctions\views.py", line 27, in index
    return render(request, "auctions/index.html", {
           ^^^^^^^^^^^^^^^^^^^^^^^^^^^^^^^^^^^^^^^^
  File "C:\Users\pc\AppData\Local\Packages\PythonSoftwareFoundation.Python.3.11_qbz5n2kfra8p0\LocalCache\local-packages\Python311\site-packages\django\shortcuts.py", line 25, in render
    content = loader.render_to_string(template_name, context, request, using=using)
              ^^^^^^^^^^^^^^^^^^^^^^^^^^^^^^^^^^^^^^^^^^^^^^^^^^^^^^^^^^^^^^^^^^^^^
  File "C:\Users\pc\AppData\Local\Packages\PythonSoftwareFoundation.Python.3.11_qbz5n2kfra8p0\LocalCache\local-packages\Python311\site-packages\django\template\loader.py", line 61, in render_to_string
    template = get_template(template_name, using=using)
               ^^^^^^^^^^^^^^^^^^^^^^^^^^^^^^^^^^^^^^^^
  File "C:\Users\pc\AppData\Local\Packages\PythonSoftwareFoundation.Python.3.11_qbz5n2kfra8p0\LocalCache\local-packages\Python311\site-packages\django\template\loader.py", line 15, in get_template
    return engine.get_template(template_name)
           ^^^^^^^^^^^^^^^^^^^^^^^^^^^^^^^^^^
  File "C:\Users\pc\AppData\Local\Packages\PythonSoftwareFoundation.Python.3.11_qbz5n2kfra8p0\LocalCache\local-packages\Python311\site-packages\django\template\backends\django.py", line 33, in get_template
    return Template(self.engine.get_template(template_name), self)
                    ^^^^^^^^^^^^^^^^^^^^^^^^^^^^^^^^^^^^^^^
  File "C:\Users\pc\AppData\Local\Packages\PythonSoftwareFoundation.Python.3.11_qbz5n2kfra8p0\LocalCache\local-packages\Python311\site-packages\django\template\engine.py", line 177, in get_template
    template, origin = self.find_template(template_name)
                       ^^^^^^^^^^^^^^^^^^^^^^^^^^^^^^^^^
  File "C:\Users\pc\AppData\Local\Packages\PythonSoftwareFoundation.Python.3.11_qbz5n2kfra8p0\LocalCache\local-packages\Python311\site-packages\django\template\engine.py", line 159, in find_template
    template = loader.get_template(name, skip=skip)
               ^^^^^^^^^^^^^^^^^^^^^^^^^^^^^^^^^^^^
  File "C:\Users\pc\AppData\Local\Packages\PythonSoftwareFoundation.Python.3.11_qbz5n2kfra8p0\LocalCache\local-packages\Python311\site-packages\django\template\loaders\cached.py", line 57, in get_template
    template = super().get_template(template_name, skip)
               ^^^^^^^^^^^^^^^^^^^^^^^^^^^^^^^^^^^^^^^^^
  File "C:\Users\pc\AppData\Local\Packages\PythonSoftwareFoundation.Python.3.11_qbz5n2kfra8p0\LocalCache\local-packages\Python311\site-packages\django\template\loaders\base.py", line 28, in get_template
    return Template(
           ^^^^^^^^^
  File "C:\Users\pc\AppData\Local\Packages\PythonSoftwareFoundation.Python.3.11_qbz5n2kfra8p0\LocalCache\local-packages\Python311\site-packages\django\template\base.py", line 154, in __init__
    self.nodelist = self.compile_nodelist()
                    ^^^^^^^^^^^^^^^^^^^^^^^
  File "C:\Users\pc\AppData\Local\Packages\PythonSoftwareFoundation.Python.3.11_qbz5n2kfra8p0\LocalCache\local-packages\Python311\site-packages\django\template\base.py", line 196, in compile_nodelist
    return parser.parse()
           ^^^^^^^^^^^^^^
  File "C:\Users\pc\AppData\Local\Packages\PythonSoftwareFoundation.Python.3.11_qbz5n2kfra8p0\LocalCache\local-packages\Python311\site-packages\django\template\base.py", line 510, in parse
    raise self.error(token, e)
  File "C:\Users\pc\AppData\Local\Packages\PythonSoftwareFoundation.Python.3.11_qbz5n2kfra8p0\LocalCache\local-packages\Python311\site-packages\django\template\base.py", line 508, in parse
    compiled_result = compile_func(self, token)
                      ^^^^^^^^^^^^^^^^^^^^^^^^^
  File "C:\Users\pc\AppData\Local\Packages\PythonSoftwareFoundation.Python.3.11_qbz5n2kfra8p0\LocalCache\local-packages\Python311\site-packages\django\template\loader_tags.py", line 295, in do_extends
    nodelist = parser.parse()
               ^^^^^^^^^^^^^^
  File "C:\Users\pc\AppData\Local\Packages\PythonSoftwareFoundation.Python.3.11_qbz5n2kfra8p0\LocalCache\local-packages\Python311\site-packages\django\template\base.py", line 510, in parse
    raise self.error(token, e)
  File "C:\Users\pc\AppData\Local\Packages\PythonSoftwareFoundation.Python.3.11_qbz5n2kfra8p0\LocalCache\local-packages\Python311\site-packages\django\template\base.py", line 508, in parse
    compiled_result = compile_func(self, token)
                      ^^^^^^^^^^^^^^^^^^^^^^^^^
  File "C:\Users\pc\AppData\Local\Packages\PythonSoftwareFoundation.Python.3.11_qbz5n2kfra8p0\LocalCache\local-packages\Python311\site-packages\django\template\loader_tags.py", line 234, in do_block
    nodelist = parser.parse(("endblock",))
               ^^^^^^^^^^^^^^^^^^^^^^^^^^^
  File "C:\Users\pc\AppData\Local\Packages\PythonSoftwareFoundation.Python.3.11_qbz5n2kfra8p0\LocalCache\local-packages\Python311\site-packages\django\template\base.py", line 510, in parse
    raise self.error(token, e)
  File "C:\Users\pc\AppData\Local\Packages\PythonSoftwareFoundation.Python.3.11_qbz5n2kfra8p0\LocalCache\local-packages\Python311\site-packages\django\template\base.py", line 508, in parse
    compiled_result = compile_func(self, token)
                      ^^^^^^^^^^^^^^^^^^^^^^^^^
  File "C:\Users\pc\AppData\Local\Packages\PythonSoftwareFoundation.Python.3.11_qbz5n2kfra8p0\LocalCache\local-packages\Python311\site-packages\django\template\defaulttags.py", line 861, in do_for
    nodelist_loop = parser.parse(
                    ^^^^^^^^^^^^^
  File "C:\Users\pc\AppData\Local\Packages\PythonSoftwareFoundation.Python.3.11_qbz5n2kfra8p0\LocalCache\local-packages\Python311\site-packages\django\template\base.py", line 504, in parse
    self.invalid_block_tag(token, command, parse_until)
  File "C:\Users\pc\AppData\Local\Packages\PythonSoftwareFoundation.Python.3.11_qbz5n2kfra8p0\LocalCache\local-packages\Python311\site-packages\django\template\base.py", line 555, in invalid_block_tag
    raise self.error(
django.template.exceptions.TemplateSyntaxError: Invalid block tag on line 174: 'endif', expected 'empty' or 'endfor'. Did you forget to register or load this tag?
Internal Server Error: /
Traceback (most recent call last):
  File "C:\Users\pc\AppData\Local\Packages\PythonSoftwareFoundation.Python.3.11_qbz5n2kfra8p0\LocalCache\local-packages\Python311\site-packages\django\template\base.py", line 502, in parse
    compile_func = self.tags[command]
                   ~~~~~~~~~^^^^^^^^^
KeyError: 'endif'

During handling of the above exception, another exception occurred:

Traceback (most recent call last):
  File "C:\Users\pc\AppData\Local\Packages\PythonSoftwareFoundation.Python.3.11_qbz5n2kfra8p0\LocalCache\local-packages\Python311\site-packages\django\core\handlers\exception.py", line 55, in inner
    response = get_response(request)
               ^^^^^^^^^^^^^^^^^^^^^
  File "C:\Users\pc\AppData\Local\Packages\PythonSoftwareFoundation.Python.3.11_qbz5n2kfra8p0\LocalCache\local-packages\Python311\site-packages\django\core\handlers\base.py", line 197, in _get_response
    response = wrapped_callback(request, *callback_args, **callback_kwargs)
               ^^^^^^^^^^^^^^^^^^^^^^^^^^^^^^^^^^^^^^^^^^^^^^^^^^^^^^^^^^^^
  File "C:\Users\pc\Desktop\football biding\SoccerBID\auctions\views.py", line 27, in index
    return render(request, "auctions/index.html", {
           ^^^^^^^^^^^^^^^^^^^^^^^^^^^^^^^^^^^^^^^^
  File "C:\Users\pc\AppData\Local\Packages\PythonSoftwareFoundation.Python.3.11_qbz5n2kfra8p0\LocalCache\local-packages\Python311\site-packages\django\shortcuts.py", line 25, in render
    content = loader.render_to_string(template_name, context, request, using=using)
              ^^^^^^^^^^^^^^^^^^^^^^^^^^^^^^^^^^^^^^^^^^^^^^^^^^^^^^^^^^^^^^^^^^^^^
  File "C:\Users\pc\AppData\Local\Packages\PythonSoftwareFoundation.Python.3.11_qbz5n2kfra8p0\LocalCache\local-packages\Python311\site-packages\django\template\loader.py", line 61, in render_to_string
    template = get_template(template_name, using=using)
               ^^^^^^^^^^^^^^^^^^^^^^^^^^^^^^^^^^^^^^^^
  File "C:\Users\pc\AppData\Local\Packages\PythonSoftwareFoundation.Python.3.11_qbz5n2kfra8p0\LocalCache\local-packages\Python311\site-packages\django\template\loader.py", line 15, in get_template
    return engine.get_template(template_name)
           ^^^^^^^^^^^^^^^^^^^^^^^^^^^^^^^^^^
  File "C:\Users\pc\AppData\Local\Packages\PythonSoftwareFoundation.Python.3.11_qbz5n2kfra8p0\LocalCache\local-packages\Python311\site-packages\django\template\backends\django.py", line 33, in get_template
    return Template(self.engine.get_template(template_name), self)
                    ^^^^^^^^^^^^^^^^^^^^^^^^^^^^^^^^^^^^^^^
  File "C:\Users\pc\AppData\Local\Packages\PythonSoftwareFoundation.Python.3.11_qbz5n2kfra8p0\LocalCache\local-packages\Python311\site-packages\django\template\engine.py", line 177, in get_template
    template, origin = self.find_template(template_name)
                       ^^^^^^^^^^^^^^^^^^^^^^^^^^^^^^^^^
  File "C:\Users\pc\AppData\Local\Packages\PythonSoftwareFoundation.Python.3.11_qbz5n2kfra8p0\LocalCache\local-packages\Python311\site-packages\django\template\engine.py", line 159, in find_template
    template = loader.get_template(name, skip=skip)
               ^^^^^^^^^^^^^^^^^^^^^^^^^^^^^^^^^^^^
  File "C:\Users\pc\AppData\Local\Packages\PythonSoftwareFoundation.Python.3.11_qbz5n2kfra8p0\LocalCache\local-packages\Python311\site-packages\django\template\loaders\cached.py", line 57, in get_template
    template = super().get_template(template_name, skip)
               ^^^^^^^^^^^^^^^^^^^^^^^^^^^^^^^^^^^^^^^^^
  File "C:\Users\pc\AppData\Local\Packages\PythonSoftwareFoundation.Python.3.11_qbz5n2kfra8p0\LocalCache\local-packages\Python311\site-packages\django\template\loaders\base.py", line 28, in get_template
    return Template(
           ^^^^^^^^^
  File "C:\Users\pc\AppData\Local\Packages\PythonSoftwareFoundation.Python.3.11_qbz5n2kfra8p0\LocalCache\local-packages\Python311\site-packages\django\template\base.py", line 154, in __init__
    self.nodelist = self.compile_nodelist()
                    ^^^^^^^^^^^^^^^^^^^^^^^
  File "C:\Users\pc\AppData\Local\Packages\PythonSoftwareFoundation.Python.3.11_qbz5n2kfra8p0\LocalCache\local-packages\Python311\site-packages\django\template\base.py", line 196, in compile_nodelist
    return parser.parse()
           ^^^^^^^^^^^^^^
  File "C:\Users\pc\AppData\Local\Packages\PythonSoftwareFoundation.Python.3.11_qbz5n2kfra8p0\LocalCache\local-packages\Python311\site-packages\django\template\base.py", line 510, in parse
    raise self.error(token, e)
  File "C:\Users\pc\AppData\Local\Packages\PythonSoftwareFoundation.Python.3.11_qbz5n2kfra8p0\LocalCache\local-packages\Python311\site-packages\django\template\base.py", line 508, in parse
    compiled_result = compile_func(self, token)
                      ^^^^^^^^^^^^^^^^^^^^^^^^^
  File "C:\Users\pc\AppData\Local\Packages\PythonSoftwareFoundation.Python.3.11_qbz5n2kfra8p0\LocalCache\local-packages\Python311\site-packages\django\template\loader_tags.py", line 295, in do_extends
    nodelist = parser.parse()
               ^^^^^^^^^^^^^^
  File "C:\Users\pc\AppData\Local\Packages\PythonSoftwareFoundation.Python.3.11_qbz5n2kfra8p0\LocalCache\local-packages\Python311\site-packages\django\template\base.py", line 510, in parse
    raise self.error(token, e)
  File "C:\Users\pc\AppData\Local\Packages\PythonSoftwareFoundation.Python.3.11_qbz5n2kfra8p0\LocalCache\local-packages\Python311\site-packages\django\template\base.py", line 508, in parse
    compiled_result = compile_func(self, token)
                      ^^^^^^^^^^^^^^^^^^^^^^^^^
  File "C:\Users\pc\AppData\Local\Packages\PythonSoftwareFoundation.Python.3.11_qbz5n2kfra8p0\LocalCache\local-packages\Python311\site-packages\django\template\loader_tags.py", line 234, in do_block
    nodelist = parser.parse(("endblock",))
               ^^^^^^^^^^^^^^^^^^^^^^^^^^^
  File "C:\Users\pc\AppData\Local\Packages\PythonSoftwareFoundation.Python.3.11_qbz5n2kfra8p0\LocalCache\local-packages\Python311\site-packages\django\template\base.py", line 510, in parse
    raise self.error(token, e)
  File "C:\Users\pc\AppData\Local\Packages\PythonSoftwareFoundation.Python.3.11_qbz5n2kfra8p0\LocalCache\local-packages\Python311\site-packages\django\template\base.py", line 508, in parse
    compiled_result = compile_func(self, token)
                      ^^^^^^^^^^^^^^^^^^^^^^^^^
  File "C:\Users\pc\AppData\Local\Packages\PythonSoftwareFoundation.Python.3.11_qbz5n2kfra8p0\LocalCache\local-packages\Python311\site-packages\django\template\defaulttags.py", line 861, in do_for
    nodelist_loop = parser.parse(
                    ^^^^^^^^^^^^^
  File "C:\Users\pc\AppData\Local\Packages\PythonSoftwareFoundation.Python.3.11_qbz5n2kfra8p0\LocalCache\local-packages\Python311\site-packages\django\template\base.py", line 504, in parse
    self.invalid_block_tag(token, command, parse_until)
  File "C:\Users\pc\AppData\Local\Packages\PythonSoftwareFoundation.Python.3.11_qbz5n2kfra8p0\LocalCache\local-packages\Python311\site-packages\django\template\base.py", line 555, in invalid_block_tag
    raise self.error(
django.template.exceptions.TemplateSyntaxError: Invalid block tag on line 174: 'endif', expected 'empty' or 'endfor'. Did you forget to register or load this tag?
Watching for file changes with StatReloader
Not Found: /media/images/messi.jpeg
Not Found: /media/images/neymar.jpeg
Not Found: /favicon.ico
Not Found: /media/images/messi.jpeg
Not Found: /media/images/neymar.jpeg
Not Found: /media/images/neymar.jpeg
Not Found: /media/images/messi.jpeg
Not Found: /media/images/messi.jpeg
Not Found: /media/images/neymar.jpeg
Not Found: /media/images/messi.jpeg
Not Found: /media/images/neymar.jpeg
Not Found: /media/images/messi.jpeg
Not Found: /media/images/neymar.jpeg
Not Found: /media/images/messi.jpeg
Not Found: /media/images/neymar.jpeg
Not Found: /admin/toggle_listing_status/19/
Not Found: /admin/toggle_listing_status/19/
Not Found: /admin/toggle_listing_status/20/
Watching for file changes with StatReloader
Not Found: /media/images/messi.jpeg
Not Found: /media/images/neymar.jpeg
Not Found: /media/images/messi.jpeg
Not Found: /media/images/neymar.jpeg
Not Found: /media/images/messi.jpeg
Not Found: /media/images/neymar.jpeg
Not Found: /admin/toggle_listing_status/19/
Not Found: /admin/toggle_listing_status/20/
Not Found: /admin/toggle_listing_status/21/
Not Found: /media/images/messi.jpeg
Not Found: /media/images/neymar.jpeg
Not Found: /media/images/messi.jpeg
Not Found: /media/images/neymar.jpeg
Not Found: /media/images/messi.jpeg
Not Found: /media/images/neymar.jpeg
Importing BlpImagePlugin
Importing BmpImagePlugin
Importing BufrStubImagePlugin
Importing CurImagePlugin
Importing DcxImagePlugin
Importing DdsImagePlugin
Importing EpsImagePlugin
Importing FitsImagePlugin
Importing FliImagePlugin
Importing FpxImagePlugin
Image: failed to import FpxImagePlugin: No module named 'olefile'
Importing FtexImagePlugin
Importing GbrImagePlugin
Importing GifImagePlugin
Importing GribStubImagePlugin
Importing Hdf5StubImagePlugin
Importing IcnsImagePlugin
Importing IcoImagePlugin
Importing ImImagePlugin
Importing ImtImagePlugin
Importing IptcImagePlugin
Importing JpegImagePlugin
Importing Jpeg2KImagePlugin
Importing McIdasImagePlugin
Importing MicImagePlugin
Image: failed to import MicImagePlugin: No module named 'olefile'
Importing MpegImagePlugin
Importing MpoImagePlugin
Importing MspImagePlugin
Importing PalmImagePlugin
Importing PcdImagePlugin
Importing PcxImagePlugin
Importing PdfImagePlugin
Importing PixarImagePlugin
Importing PngImagePlugin
Importing PpmImagePlugin
Importing PsdImagePlugin
Importing QoiImagePlugin
Importing SgiImagePlugin
Importing SpiderImagePlugin
Importing SunImagePlugin
Importing TgaImagePlugin
Importing TiffImagePlugin
Importing WebPImagePlugin
Importing WmfImagePlugin
Importing XbmImagePlugin
Importing XpmImagePlugin
Importing XVThumbImagePlugin
Not Found: /media/images/neymar.jpeg
STREAM b'IHDR' 16 13
STREAM b'IDAT' 41 765401
STREAM b'IHDR' 16 13
STREAM b'sRGB' 41 1
STREAM b'IDAT' 54 8192
Internal Server Error: /
Traceback (most recent call last):
  File "C:\Users\pc\AppData\Local\Packages\PythonSoftwareFoundation.Python.3.11_qbz5n2kfra8p0\LocalCache\local-packages\Python311\site-packages\django\template\base.py", line 502, in parse
    compile_func = self.tags[command]
                   ~~~~~~~~~^^^^^^^^^
KeyError: 'static'

During handling of the above exception, another exception occurred:

Traceback (most recent call last):
  File "C:\Users\pc\AppData\Local\Packages\PythonSoftwareFoundation.Python.3.11_qbz5n2kfra8p0\LocalCache\local-packages\Python311\site-packages\django\core\handlers\exception.py", line 55, in inner
    response = get_response(request)
               ^^^^^^^^^^^^^^^^^^^^^
  File "C:\Users\pc\AppData\Local\Packages\PythonSoftwareFoundation.Python.3.11_qbz5n2kfra8p0\LocalCache\local-packages\Python311\site-packages\django\core\handlers\base.py", line 197, in _get_response
    response = wrapped_callback(request, *callback_args, **callback_kwargs)
               ^^^^^^^^^^^^^^^^^^^^^^^^^^^^^^^^^^^^^^^^^^^^^^^^^^^^^^^^^^^^
  File "C:\Users\pc\Desktop\football biding\SoccerBID\auctions\views.py", line 27, in index
    return render(request, "auctions/index.html", {
           ^^^^^^^^^^^^^^^^^^^^^^^^^^^^^^^^^^^^^^^^
  File "C:\Users\pc\AppData\Local\Packages\PythonSoftwareFoundation.Python.3.11_qbz5n2kfra8p0\LocalCache\local-packages\Python311\site-packages\django\shortcuts.py", line 25, in render
    content = loader.render_to_string(template_name, context, request, using=using)
              ^^^^^^^^^^^^^^^^^^^^^^^^^^^^^^^^^^^^^^^^^^^^^^^^^^^^^^^^^^^^^^^^^^^^^
  File "C:\Users\pc\AppData\Local\Packages\PythonSoftwareFoundation.Python.3.11_qbz5n2kfra8p0\LocalCache\local-packages\Python311\site-packages\django\template\loader.py", line 61, in render_to_string
    template = get_template(template_name, using=using)
               ^^^^^^^^^^^^^^^^^^^^^^^^^^^^^^^^^^^^^^^^
  File "C:\Users\pc\AppData\Local\Packages\PythonSoftwareFoundation.Python.3.11_qbz5n2kfra8p0\LocalCache\local-packages\Python311\site-packages\django\template\loader.py", line 15, in get_template
    return engine.get_template(template_name)
           ^^^^^^^^^^^^^^^^^^^^^^^^^^^^^^^^^^
  File "C:\Users\pc\AppData\Local\Packages\PythonSoftwareFoundation.Python.3.11_qbz5n2kfra8p0\LocalCache\local-packages\Python311\site-packages\django\template\backends\django.py", line 33, in get_template
    return Template(self.engine.get_template(template_name), self)
                    ^^^^^^^^^^^^^^^^^^^^^^^^^^^^^^^^^^^^^^^
  File "C:\Users\pc\AppData\Local\Packages\PythonSoftwareFoundation.Python.3.11_qbz5n2kfra8p0\LocalCache\local-packages\Python311\site-packages\django\template\engine.py", line 177, in get_template
    template, origin = self.find_template(template_name)
                       ^^^^^^^^^^^^^^^^^^^^^^^^^^^^^^^^^
  File "C:\Users\pc\AppData\Local\Packages\PythonSoftwareFoundation.Python.3.11_qbz5n2kfra8p0\LocalCache\local-packages\Python311\site-packages\django\template\engine.py", line 159, in find_template
    template = loader.get_template(name, skip=skip)
               ^^^^^^^^^^^^^^^^^^^^^^^^^^^^^^^^^^^^
  File "C:\Users\pc\AppData\Local\Packages\PythonSoftwareFoundation.Python.3.11_qbz5n2kfra8p0\LocalCache\local-packages\Python311\site-packages\django\template\loaders\cached.py", line 57, in get_template
    template = super().get_template(template_name, skip)
               ^^^^^^^^^^^^^^^^^^^^^^^^^^^^^^^^^^^^^^^^^
  File "C:\Users\pc\AppData\Local\Packages\PythonSoftwareFoundation.Python.3.11_qbz5n2kfra8p0\LocalCache\local-packages\Python311\site-packages\django\template\loaders\base.py", line 28, in get_template
    return Template(
           ^^^^^^^^^
  File "C:\Users\pc\AppData\Local\Packages\PythonSoftwareFoundation.Python.3.11_qbz5n2kfra8p0\LocalCache\local-packages\Python311\site-packages\django\template\base.py", line 154, in __init__
    self.nodelist = self.compile_nodelist()
                    ^^^^^^^^^^^^^^^^^^^^^^^
  File "C:\Users\pc\AppData\Local\Packages\PythonSoftwareFoundation.Python.3.11_qbz5n2kfra8p0\LocalCache\local-packages\Python311\site-packages\django\template\base.py", line 196, in compile_nodelist
    return parser.parse()
           ^^^^^^^^^^^^^^
  File "C:\Users\pc\AppData\Local\Packages\PythonSoftwareFoundation.Python.3.11_qbz5n2kfra8p0\LocalCache\local-packages\Python311\site-packages\django\template\base.py", line 510, in parse
    raise self.error(token, e)
  File "C:\Users\pc\AppData\Local\Packages\PythonSoftwareFoundation.Python.3.11_qbz5n2kfra8p0\LocalCache\local-packages\Python311\site-packages\django\template\base.py", line 508, in parse
    compiled_result = compile_func(self, token)
                      ^^^^^^^^^^^^^^^^^^^^^^^^^
  File "C:\Users\pc\AppData\Local\Packages\PythonSoftwareFoundation.Python.3.11_qbz5n2kfra8p0\LocalCache\local-packages\Python311\site-packages\django\template\loader_tags.py", line 295, in do_extends
    nodelist = parser.parse()
               ^^^^^^^^^^^^^^
  File "C:\Users\pc\AppData\Local\Packages\PythonSoftwareFoundation.Python.3.11_qbz5n2kfra8p0\LocalCache\local-packages\Python311\site-packages\django\template\base.py", line 510, in parse
    raise self.error(token, e)
  File "C:\Users\pc\AppData\Local\Packages\PythonSoftwareFoundation.Python.3.11_qbz5n2kfra8p0\LocalCache\local-packages\Python311\site-packages\django\template\base.py", line 508, in parse
    compiled_result = compile_func(self, token)
                      ^^^^^^^^^^^^^^^^^^^^^^^^^
  File "C:\Users\pc\AppData\Local\Packages\PythonSoftwareFoundation.Python.3.11_qbz5n2kfra8p0\LocalCache\local-packages\Python311\site-packages\django\template\loader_tags.py", line 234, in do_block
    nodelist = parser.parse(("endblock",))
               ^^^^^^^^^^^^^^^^^^^^^^^^^^^
  File "C:\Users\pc\AppData\Local\Packages\PythonSoftwareFoundation.Python.3.11_qbz5n2kfra8p0\LocalCache\local-packages\Python311\site-packages\django\template\base.py", line 510, in parse
    raise self.error(token, e)
  File "C:\Users\pc\AppData\Local\Packages\PythonSoftwareFoundation.Python.3.11_qbz5n2kfra8p0\LocalCache\local-packages\Python311\site-packages\django\template\base.py", line 508, in parse
    compiled_result = compile_func(self, token)
                      ^^^^^^^^^^^^^^^^^^^^^^^^^
  File "C:\Users\pc\AppData\Local\Packages\PythonSoftwareFoundation.Python.3.11_qbz5n2kfra8p0\LocalCache\local-packages\Python311\site-packages\django\template\defaulttags.py", line 861, in do_for
    nodelist_loop = parser.parse(
                    ^^^^^^^^^^^^^
  File "C:\Users\pc\AppData\Local\Packages\PythonSoftwareFoundation.Python.3.11_qbz5n2kfra8p0\LocalCache\local-packages\Python311\site-packages\django\template\base.py", line 510, in parse
    raise self.error(token, e)
  File "C:\Users\pc\AppData\Local\Packages\PythonSoftwareFoundation.Python.3.11_qbz5n2kfra8p0\LocalCache\local-packages\Python311\site-packages\django\template\base.py", line 508, in parse
    compiled_result = compile_func(self, token)
                      ^^^^^^^^^^^^^^^^^^^^^^^^^
  File "C:\Users\pc\AppData\Local\Packages\PythonSoftwareFoundation.Python.3.11_qbz5n2kfra8p0\LocalCache\local-packages\Python311\site-packages\django\template\defaulttags.py", line 961, in do_if
    nodelist = parser.parse(("elif", "else", "endif"))
               ^^^^^^^^^^^^^^^^^^^^^^^^^^^^^^^^^^^^^^^
  File "C:\Users\pc\AppData\Local\Packages\PythonSoftwareFoundation.Python.3.11_qbz5n2kfra8p0\LocalCache\local-packages\Python311\site-packages\django\template\base.py", line 504, in parse
    self.invalid_block_tag(token, command, parse_until)
  File "C:\Users\pc\AppData\Local\Packages\PythonSoftwareFoundation.Python.3.11_qbz5n2kfra8p0\LocalCache\local-packages\Python311\site-packages\django\template\base.py", line 555, in invalid_block_tag
    raise self.error(
django.template.exceptions.TemplateSyntaxError: Invalid block tag on line 105: 'static', expected 'elif', 'else' or 'endif'. Did you forget to register or load this tag?
Internal Server Error: /
Traceback (most recent call last):
  File "C:\Users\pc\AppData\Local\Packages\PythonSoftwareFoundation.Python.3.11_qbz5n2kfra8p0\LocalCache\local-packages\Python311\site-packages\django\core\handlers\exception.py", line 55, in inner
    response = get_response(request)
               ^^^^^^^^^^^^^^^^^^^^^
  File "C:\Users\pc\AppData\Local\Packages\PythonSoftwareFoundation.Python.3.11_qbz5n2kfra8p0\LocalCache\local-packages\Python311\site-packages\django\core\handlers\base.py", line 197, in _get_response
    response = wrapped_callback(request, *callback_args, **callback_kwargs)
               ^^^^^^^^^^^^^^^^^^^^^^^^^^^^^^^^^^^^^^^^^^^^^^^^^^^^^^^^^^^^
  File "C:\Users\pc\Desktop\football biding\SoccerBID\auctions\views.py", line 27, in index
    return render(request, "auctions/index.html", {
           ^^^^^^^^^^^^^^^^^^^^^^^^^^^^^^^^^^^^^^^^
  File "C:\Users\pc\AppData\Local\Packages\PythonSoftwareFoundation.Python.3.11_qbz5n2kfra8p0\LocalCache\local-packages\Python311\site-packages\django\shortcuts.py", line 25, in render
    content = loader.render_to_string(template_name, context, request, using=using)
              ^^^^^^^^^^^^^^^^^^^^^^^^^^^^^^^^^^^^^^^^^^^^^^^^^^^^^^^^^^^^^^^^^^^^^
  File "C:\Users\pc\AppData\Local\Packages\PythonSoftwareFoundation.Python.3.11_qbz5n2kfra8p0\LocalCache\local-packages\Python311\site-packages\django\template\loader.py", line 61, in render_to_string
    template = get_template(template_name, using=using)
               ^^^^^^^^^^^^^^^^^^^^^^^^^^^^^^^^^^^^^^^^
  File "C:\Users\pc\AppData\Local\Packages\PythonSoftwareFoundation.Python.3.11_qbz5n2kfra8p0\LocalCache\local-packages\Python311\site-packages\django\template\loader.py", line 15, in get_template
    return engine.get_template(template_name)
           ^^^^^^^^^^^^^^^^^^^^^^^^^^^^^^^^^^
  File "C:\Users\pc\AppData\Local\Packages\PythonSoftwareFoundation.Python.3.11_qbz5n2kfra8p0\LocalCache\local-packages\Python311\site-packages\django\template\backends\django.py", line 33, in get_template
    return Template(self.engine.get_template(template_name), self)
                    ^^^^^^^^^^^^^^^^^^^^^^^^^^^^^^^^^^^^^^^
  File "C:\Users\pc\AppData\Local\Packages\PythonSoftwareFoundation.Python.3.11_qbz5n2kfra8p0\LocalCache\local-packages\Python311\site-packages\django\template\engine.py", line 177, in get_template
    template, origin = self.find_template(template_name)
                       ^^^^^^^^^^^^^^^^^^^^^^^^^^^^^^^^^
  File "C:\Users\pc\AppData\Local\Packages\PythonSoftwareFoundation.Python.3.11_qbz5n2kfra8p0\LocalCache\local-packages\Python311\site-packages\django\template\engine.py", line 159, in find_template
    template = loader.get_template(name, skip=skip)
               ^^^^^^^^^^^^^^^^^^^^^^^^^^^^^^^^^^^^
  File "C:\Users\pc\AppData\Local\Packages\PythonSoftwareFoundation.Python.3.11_qbz5n2kfra8p0\LocalCache\local-packages\Python311\site-packages\django\template\loaders\cached.py", line 57, in get_template
    template = super().get_template(template_name, skip)
               ^^^^^^^^^^^^^^^^^^^^^^^^^^^^^^^^^^^^^^^^^
  File "C:\Users\pc\AppData\Local\Packages\PythonSoftwareFoundation.Python.3.11_qbz5n2kfra8p0\LocalCache\local-packages\Python311\site-packages\django\template\loaders\base.py", line 28, in get_template
    return Template(
           ^^^^^^^^^
  File "C:\Users\pc\AppData\Local\Packages\PythonSoftwareFoundation.Python.3.11_qbz5n2kfra8p0\LocalCache\local-packages\Python311\site-packages\django\template\base.py", line 154, in __init__
    self.nodelist = self.compile_nodelist()
                    ^^^^^^^^^^^^^^^^^^^^^^^
  File "C:\Users\pc\AppData\Local\Packages\PythonSoftwareFoundation.Python.3.11_qbz5n2kfra8p0\LocalCache\local-packages\Python311\site-packages\django\template\base.py", line 196, in compile_nodelist
    return parser.parse()
           ^^^^^^^^^^^^^^
  File "C:\Users\pc\AppData\Local\Packages\PythonSoftwareFoundation.Python.3.11_qbz5n2kfra8p0\LocalCache\local-packages\Python311\site-packages\django\template\base.py", line 510, in parse
    raise self.error(token, e)
  File "C:\Users\pc\AppData\Local\Packages\PythonSoftwareFoundation.Python.3.11_qbz5n2kfra8p0\LocalCache\local-packages\Python311\site-packages\django\template\base.py", line 508, in parse
    compiled_result = compile_func(self, token)
                      ^^^^^^^^^^^^^^^^^^^^^^^^^
  File "C:\Users\pc\AppData\Local\Packages\PythonSoftwareFoundation.Python.3.11_qbz5n2kfra8p0\LocalCache\local-packages\Python311\site-packages\django\template\loader_tags.py", line 295, in do_extends
    nodelist = parser.parse()
               ^^^^^^^^^^^^^^
  File "C:\Users\pc\AppData\Local\Packages\PythonSoftwareFoundation.Python.3.11_qbz5n2kfra8p0\LocalCache\local-packages\Python311\site-packages\django\template\base.py", line 510, in parse
    raise self.error(token, e)
  File "C:\Users\pc\AppData\Local\Packages\PythonSoftwareFoundation.Python.3.11_qbz5n2kfra8p0\LocalCache\local-packages\Python311\site-packages\django\template\base.py", line 508, in parse
    compiled_result = compile_func(self, token)
                      ^^^^^^^^^^^^^^^^^^^^^^^^^
  File "C:\Users\pc\AppData\Local\Packages\PythonSoftwareFoundation.Python.3.11_qbz5n2kfra8p0\LocalCache\local-packages\Python311\site-packages\django\template\loader_tags.py", line 234, in do_block
    nodelist = parser.parse(("endblock",))
               ^^^^^^^^^^^^^^^^^^^^^^^^^^^
  File "C:\Users\pc\AppData\Local\Packages\PythonSoftwareFoundation.Python.3.11_qbz5n2kfra8p0\LocalCache\local-packages\Python311\site-packages\django\template\base.py", line 510, in parse
    raise self.error(token, e)
  File "C:\Users\pc\AppData\Local\Packages\PythonSoftwareFoundation.Python.3.11_qbz5n2kfra8p0\LocalCache\local-packages\Python311\site-packages\django\template\base.py", line 508, in parse
    compiled_result = compile_func(self, token)
                      ^^^^^^^^^^^^^^^^^^^^^^^^^
  File "C:\Users\pc\AppData\Local\Packages\PythonSoftwareFoundation.Python.3.11_qbz5n2kfra8p0\LocalCache\local-packages\Python311\site-packages\django\template\loader_tags.py", line 295, in do_extends
    nodelist = parser.parse()
               ^^^^^^^^^^^^^^
  File "C:\Users\pc\AppData\Local\Packages\PythonSoftwareFoundation.Python.3.11_qbz5n2kfra8p0\LocalCache\local-packages\Python311\site-packages\django\template\base.py", line 510, in parse
    raise self.error(token, e)
  File "C:\Users\pc\AppData\Local\Packages\PythonSoftwareFoundation.Python.3.11_qbz5n2kfra8p0\LocalCache\local-packages\Python311\site-packages\django\template\base.py", line 508, in parse
    compiled_result = compile_func(self, token)
                      ^^^^^^^^^^^^^^^^^^^^^^^^^
  File "C:\Users\pc\AppData\Local\Packages\PythonSoftwareFoundation.Python.3.11_qbz5n2kfra8p0\LocalCache\local-packages\Python311\site-packages\django\template\loader_tags.py", line 228, in do_block
    raise TemplateSyntaxError(
django.template.exceptions.TemplateSyntaxError: 'block' tag with name 'body' appears more than once
Internal Server Error: /
Traceback (most recent call last):
  File "C:\Users\pc\AppData\Local\Packages\PythonSoftwareFoundation.Python.3.11_qbz5n2kfra8p0\LocalCache\local-packages\Python311\site-packages\django\template\base.py", line 502, in parse
    compile_func = self.tags[command]
                   ~~~~~~~~~^^^^^^^^^
KeyError: 'static'

During handling of the above exception, another exception occurred:

Traceback (most recent call last):
  File "C:\Users\pc\AppData\Local\Packages\PythonSoftwareFoundation.Python.3.11_qbz5n2kfra8p0\LocalCache\local-packages\Python311\site-packages\django\core\handlers\exception.py", line 55, in inner
    response = get_response(request)
               ^^^^^^^^^^^^^^^^^^^^^
  File "C:\Users\pc\AppData\Local\Packages\PythonSoftwareFoundation.Python.3.11_qbz5n2kfra8p0\LocalCache\local-packages\Python311\site-packages\django\core\handlers\base.py", line 197, in _get_response
    response = wrapped_callback(request, *callback_args, **callback_kwargs)
               ^^^^^^^^^^^^^^^^^^^^^^^^^^^^^^^^^^^^^^^^^^^^^^^^^^^^^^^^^^^^
  File "C:\Users\pc\Desktop\football biding\SoccerBID\auctions\views.py", line 27, in index
    return render(request, "auctions/index.html", {
           ^^^^^^^^^^^^^^^^^^^^^^^^^^^^^^^^^^^^^^^^
  File "C:\Users\pc\AppData\Local\Packages\PythonSoftwareFoundation.Python.3.11_qbz5n2kfra8p0\LocalCache\local-packages\Python311\site-packages\django\shortcuts.py", line 25, in render
    content = loader.render_to_string(template_name, context, request, using=using)
              ^^^^^^^^^^^^^^^^^^^^^^^^^^^^^^^^^^^^^^^^^^^^^^^^^^^^^^^^^^^^^^^^^^^^^
  File "C:\Users\pc\AppData\Local\Packages\PythonSoftwareFoundation.Python.3.11_qbz5n2kfra8p0\LocalCache\local-packages\Python311\site-packages\django\template\loader.py", line 61, in render_to_string
    template = get_template(template_name, using=using)
               ^^^^^^^^^^^^^^^^^^^^^^^^^^^^^^^^^^^^^^^^
  File "C:\Users\pc\AppData\Local\Packages\PythonSoftwareFoundation.Python.3.11_qbz5n2kfra8p0\LocalCache\local-packages\Python311\site-packages\django\template\loader.py", line 15, in get_template
    return engine.get_template(template_name)
           ^^^^^^^^^^^^^^^^^^^^^^^^^^^^^^^^^^
  File "C:\Users\pc\AppData\Local\Packages\PythonSoftwareFoundation.Python.3.11_qbz5n2kfra8p0\LocalCache\local-packages\Python311\site-packages\django\template\backends\django.py", line 33, in get_template
    return Template(self.engine.get_template(template_name), self)
                    ^^^^^^^^^^^^^^^^^^^^^^^^^^^^^^^^^^^^^^^
  File "C:\Users\pc\AppData\Local\Packages\PythonSoftwareFoundation.Python.3.11_qbz5n2kfra8p0\LocalCache\local-packages\Python311\site-packages\django\template\engine.py", line 177, in get_template
    template, origin = self.find_template(template_name)
                       ^^^^^^^^^^^^^^^^^^^^^^^^^^^^^^^^^
  File "C:\Users\pc\AppData\Local\Packages\PythonSoftwareFoundation.Python.3.11_qbz5n2kfra8p0\LocalCache\local-packages\Python311\site-packages\django\template\engine.py", line 159, in find_template
    template = loader.get_template(name, skip=skip)
               ^^^^^^^^^^^^^^^^^^^^^^^^^^^^^^^^^^^^
  File "C:\Users\pc\AppData\Local\Packages\PythonSoftwareFoundation.Python.3.11_qbz5n2kfra8p0\LocalCache\local-packages\Python311\site-packages\django\template\loaders\cached.py", line 57, in get_template
    template = super().get_template(template_name, skip)
               ^^^^^^^^^^^^^^^^^^^^^^^^^^^^^^^^^^^^^^^^^
  File "C:\Users\pc\AppData\Local\Packages\PythonSoftwareFoundation.Python.3.11_qbz5n2kfra8p0\LocalCache\local-packages\Python311\site-packages\django\template\loaders\base.py", line 28, in get_template
    return Template(
           ^^^^^^^^^
  File "C:\Users\pc\AppData\Local\Packages\PythonSoftwareFoundation.Python.3.11_qbz5n2kfra8p0\LocalCache\local-packages\Python311\site-packages\django\template\base.py", line 154, in __init__
    self.nodelist = self.compile_nodelist()
                    ^^^^^^^^^^^^^^^^^^^^^^^
  File "C:\Users\pc\AppData\Local\Packages\PythonSoftwareFoundation.Python.3.11_qbz5n2kfra8p0\LocalCache\local-packages\Python311\site-packages\django\template\base.py", line 196, in compile_nodelist
    return parser.parse()
           ^^^^^^^^^^^^^^
  File "C:\Users\pc\AppData\Local\Packages\PythonSoftwareFoundation.Python.3.11_qbz5n2kfra8p0\LocalCache\local-packages\Python311\site-packages\django\template\base.py", line 510, in parse
    raise self.error(token, e)
  File "C:\Users\pc\AppData\Local\Packages\PythonSoftwareFoundation.Python.3.11_qbz5n2kfra8p0\LocalCache\local-packages\Python311\site-packages\django\template\base.py", line 508, in parse
    compiled_result = compile_func(self, token)
                      ^^^^^^^^^^^^^^^^^^^^^^^^^
  File "C:\Users\pc\AppData\Local\Packages\PythonSoftwareFoundation.Python.3.11_qbz5n2kfra8p0\LocalCache\local-packages\Python311\site-packages\django\template\loader_tags.py", line 295, in do_extends
    nodelist = parser.parse()
               ^^^^^^^^^^^^^^
  File "C:\Users\pc\AppData\Local\Packages\PythonSoftwareFoundation.Python.3.11_qbz5n2kfra8p0\LocalCache\local-packages\Python311\site-packages\django\template\base.py", line 510, in parse
    raise self.error(token, e)
  File "C:\Users\pc\AppData\Local\Packages\PythonSoftwareFoundation.Python.3.11_qbz5n2kfra8p0\LocalCache\local-packages\Python311\site-packages\django\template\base.py", line 508, in parse
    compiled_result = compile_func(self, token)
                      ^^^^^^^^^^^^^^^^^^^^^^^^^
  File "C:\Users\pc\AppData\Local\Packages\PythonSoftwareFoundation.Python.3.11_qbz5n2kfra8p0\LocalCache\local-packages\Python311\site-packages\django\template\loader_tags.py", line 234, in do_block
    nodelist = parser.parse(("endblock",))
               ^^^^^^^^^^^^^^^^^^^^^^^^^^^
  File "C:\Users\pc\AppData\Local\Packages\PythonSoftwareFoundation.Python.3.11_qbz5n2kfra8p0\LocalCache\local-packages\Python311\site-packages\django\template\base.py", line 510, in parse
    raise self.error(token, e)
  File "C:\Users\pc\AppData\Local\Packages\PythonSoftwareFoundation.Python.3.11_qbz5n2kfra8p0\LocalCache\local-packages\Python311\site-packages\django\template\base.py", line 508, in parse
    compiled_result = compile_func(self, token)
                      ^^^^^^^^^^^^^^^^^^^^^^^^^
  File "C:\Users\pc\AppData\Local\Packages\PythonSoftwareFoundation.Python.3.11_qbz5n2kfra8p0\LocalCache\local-packages\Python311\site-packages\django\template\defaulttags.py", line 861, in do_for
    nodelist_loop = parser.parse(
                    ^^^^^^^^^^^^^
  File "C:\Users\pc\AppData\Local\Packages\PythonSoftwareFoundation.Python.3.11_qbz5n2kfra8p0\LocalCache\local-packages\Python311\site-packages\django\template\base.py", line 510, in parse
    raise self.error(token, e)
  File "C:\Users\pc\AppData\Local\Packages\PythonSoftwareFoundation.Python.3.11_qbz5n2kfra8p0\LocalCache\local-packages\Python311\site-packages\django\template\base.py", line 508, in parse
    compiled_result = compile_func(self, token)
                      ^^^^^^^^^^^^^^^^^^^^^^^^^
  File "C:\Users\pc\AppData\Local\Packages\PythonSoftwareFoundation.Python.3.11_qbz5n2kfra8p0\LocalCache\local-packages\Python311\site-packages\django\template\defaulttags.py", line 961, in do_if
    nodelist = parser.parse(("elif", "else", "endif"))
               ^^^^^^^^^^^^^^^^^^^^^^^^^^^^^^^^^^^^^^^
  File "C:\Users\pc\AppData\Local\Packages\PythonSoftwareFoundation.Python.3.11_qbz5n2kfra8p0\LocalCache\local-packages\Python311\site-packages\django\template\base.py", line 504, in parse
    self.invalid_block_tag(token, command, parse_until)
  File "C:\Users\pc\AppData\Local\Packages\PythonSoftwareFoundation.Python.3.11_qbz5n2kfra8p0\LocalCache\local-packages\Python311\site-packages\django\template\base.py", line 555, in invalid_block_tag
    raise self.error(
django.template.exceptions.TemplateSyntaxError: Invalid block tag on line 100: 'static', expected 'elif', 'else' or 'endif'. Did you forget to register or load this tag?
C:\Users\pc\Desktop\football biding\SoccerBID\auctions\views.py changed, reloading.
Watching for file changes with StatReloader
C:\Users\pc\Desktop\football biding\SoccerBID\auctions\views.py changed, reloading.
Watching for file changes with StatReloader
C:\Users\pc\Desktop\football biding\SoccerBID\auctions\views.py changed, reloading.
Watching for file changes with StatReloader
C:\Users\pc\Desktop\football biding\SoccerBID\auctions\views.py changed, reloading.
Watching for file changes with StatReloader
C:\Users\pc\Desktop\football biding\SoccerBID\auctions\views.py changed, reloading.
Watching for file changes with StatReloader
C:\Users\pc\Desktop\football biding\SoccerBID\auctions\views.py changed, reloading.
Watching for file changes with StatReloader
C:\Users\pc\Desktop\football biding\SoccerBID\auctions\views.py changed, reloading.
Watching for file changes with StatReloader
C:\Users\pc\Desktop\football biding\SoccerBID\auctions\views.py changed, reloading.
Watching for file changes with StatReloader
C:\Users\pc\Desktop\football biding\SoccerBID\auctions\views.py changed, reloading.
Watching for file changes with StatReloader
C:\Users\pc\Desktop\football biding\SoccerBID\auctions\views.py changed, reloading.
Watching for file changes with StatReloader
Not Found: /media/images/de_gea.jpeg
Not Found: /media/images/de_gea.jpeg
Not Found: /media/images/de_gea.jpeg
Not Found: /media/images/de_gea.jpeg
Not Found: /media/images/de_gea.jpeg
Not Found: /media/images/de_gea.jpeg
Not Found: /media/images/de_gea.jpeg
Not Found: /media/images/de_gea.jpeg
Not Found: /media/images/de_gea.jpeg
Not Found: /media/images/de_gea.jpeg
Not Found: /media/images/de_gea.jpeg
Not Found: /media/images/de_gea.jpeg
Not Found: /media/images/de_gea.jpeg
Not Found: /media/images/de_gea.jpeg
Not Found: /media/images/de_gea.jpeg
Not Found: /media/images/de_gea.jpeg
Not Found: /media/images/de_gea.jpeg
Not Found: /media/images/de_gea.jpeg
Not Found: /media/images/de_gea.jpeg
Not Found: /admin/delete_listing/21/
Not Found: /admin/delete_listing/21/
Not Found: /admin/delete_listing/22/
Not Found: /admin/delete_listing/21/
Not Found: /admin/delete_listing/21/
Not Found: /media/images/de_gea.jpeg
Not Found: /media/images/de_gea.jpeg
Not Found: /media/images/de_gea.jpeg
C:\Users\pc\Desktop\football biding\SoccerBID\auctions\views.py changed, reloading.
Watching for file changes with StatReloader
C:\Users\pc\Desktop\football biding\SoccerBID\auctions\views.py changed, reloading.
Watching for file changes with StatReloader
C:\Users\pc\Desktop\football biding\SoccerBID\auctions\views.py changed, reloading.
Watching for file changes with StatReloader
C:\Users\pc\Desktop\football biding\SoccerBID\auctions\views.py changed, reloading.
Watching for file changes with StatReloader
Watching for file changes with StatReloader
Not Found: /media/images/de_gea.jpeg
Not Found: /media/images/de_gea.jpeg
Not Found: /media/images/de_gea.jpeg
Not Found: /admin/delete_listing/21/
Not Found: /media/images/de_gea.jpeg
Not Found: /media/images/de_gea.jpeg
Not Found: /media/images/de_gea.jpeg
Not Found: /media/images/de_gea.jpeg
Not Found: /media/images/de_gea.jpeg
Not Found: /media/images/de_gea.jpeg
Not Found: /media/images/de_gea.jpeg
Not Found: /media/images/de_gea.jpeg
Not Found: /media/images/de_gea.jpeg
Not Found: /media/images/de_gea.jpeg
Not Found: /media/images/de_gea.jpeg
Not Found: /media/images/de_gea.jpeg
Not Found: /media/images/de_gea.jpeg
Not Found: /media/images/de_gea.jpeg
Not Found: /media/images/de_gea.jpeg
Not Found: /media/images/de_gea.jpeg
Not Found: /media/images/de_gea.jpeg
Not Found: /media/images/de_gea.jpeg
Not Found: /media/images/de_gea.jpeg
Not Found: /media/images/de_gea.jpeg
Not Found: /media/images/de_gea.jpeg
Not Found: /media/images/de_gea.jpeg
Not Found: /media/images/de_gea.jpeg
Not Found: /media/images/de_gea.jpeg
Not Found: /media/images/de_gea.jpeg
Not Found: /media/images/de_gea.jpeg
Not Found: /media/images/de_gea.jpeg
Not Found: /media/images/de_gea.jpeg
Not Found: /media/images/de_gea.jpeg
Not Found: /media/images/de_gea.jpeg
Not Found: /media/images/de_gea.jpeg
Not Found: /media/images/de_gea.jpeg
Not Found: /media/images/de_gea.jpeg
Not Found: /media/images/de_gea.jpeg
Not Found: /media/images/de_gea.jpeg
Not Found: /media/images/de_gea.jpeg
Not Found: /media/images/de_gea.jpeg
Not Found: /media/images/de_gea.jpeg
Not Found: /media/images/de_gea.jpeg
Not Found: /media/images/de_gea.jpeg
Not Found: /media/images/de_gea.jpeg
Not Found: /media/images/de_gea.jpeg
Not Found: /media/images/de_gea.jpeg
Not Found: /media/images/de_gea.jpeg
Not Found: /media/images/de_gea.jpeg
Not Found: /media/images/de_gea.jpeg
Not Found: /media/images/de_gea.jpeg
Not Found: /media/images/de_gea.jpeg
Not Found: /media/images/de_gea.jpeg
Not Found: /media/images/de_gea.jpeg
Not Found: /media/images/de_gea.jpeg
Not Found: /media/images/de_gea.jpeg
Not Found: /media/images/de_gea.jpeg
Not Found: /media/images/de_gea.jpeg
Not Found: /media/images/de_gea.jpeg
Not Found: /media/images/de_gea.jpeg
Not Found: /media/images/de_gea.jpeg
Not Found: /media/images/de_gea.jpeg
Not Found: /media/images/de_gea.jpeg
Not Found: /media/images/de_gea.jpeg
Not Found: /media/images/de_gea.jpeg
Not Found: /media/images/de_gea.jpeg
Not Found: /media/images/de_gea.jpeg
Not Found: /media/images/de_gea.jpeg
Not Found: /media/images/de_gea.jpeg
Bids for listing 21: <QuerySet [<Bid: Bid object (6)>]>
Highest bidder for listing 21: gmail
Not Found: /media/images/de_gea.jpeg
Not Found: /media/images/de_gea.jpeg
Not Found: /media/images/de_gea.jpeg
Not Found: /media/images/de_gea.jpeg
Not Found: /media/images/de_gea.jpeg
Not Found: /media/images/de_gea.jpeg
Not Found: /media/images/de_gea.jpeg
Bids for listing 20: <QuerySet []>
No bids found for listing 20
Not Found: /media/images/de_gea.jpeg
Bids for listing 20: <QuerySet []>
No bids found for listing 20
Internal Server Error: /category/
Traceback (most recent call last):
  File "C:\Users\pc\AppData\Local\Packages\PythonSoftwareFoundation.Python.3.11_qbz5n2kfra8p0\LocalCache\local-packages\Python311\site-packages\django\template\base.py", line 502, in parse
    compile_func = self.tags[command]
                   ~~~~~~~~~^^^^^^^^^
KeyError: 'static'

During handling of the above exception, another exception occurred:

Traceback (most recent call last):
  File "C:\Users\pc\AppData\Local\Packages\PythonSoftwareFoundation.Python.3.11_qbz5n2kfra8p0\LocalCache\local-packages\Python311\site-packages\django\core\handlers\exception.py", line 55, in inner
    response = get_response(request)
               ^^^^^^^^^^^^^^^^^^^^^
  File "C:\Users\pc\AppData\Local\Packages\PythonSoftwareFoundation.Python.3.11_qbz5n2kfra8p0\LocalCache\local-packages\Python311\site-packages\django\core\handlers\base.py", line 197, in _get_response
    response = wrapped_callback(request, *callback_args, **callback_kwargs)
               ^^^^^^^^^^^^^^^^^^^^^^^^^^^^^^^^^^^^^^^^^^^^^^^^^^^^^^^^^^^^
  File "C:\Users\pc\Desktop\football biding\SoccerBID\auctions\views.py", line 387, in categories
    return render(request, "auctions/categories.html", {
           ^^^^^^^^^^^^^^^^^^^^^^^^^^^^^^^^^^^^^^^^^^^^^
  File "C:\Users\pc\AppData\Local\Packages\PythonSoftwareFoundation.Python.3.11_qbz5n2kfra8p0\LocalCache\local-packages\Python311\site-packages\django\shortcuts.py", line 25, in render
    content = loader.render_to_string(template_name, context, request, using=using)
              ^^^^^^^^^^^^^^^^^^^^^^^^^^^^^^^^^^^^^^^^^^^^^^^^^^^^^^^^^^^^^^^^^^^^^
  File "C:\Users\pc\AppData\Local\Packages\PythonSoftwareFoundation.Python.3.11_qbz5n2kfra8p0\LocalCache\local-packages\Python311\site-packages\django\template\loader.py", line 61, in render_to_string
    template = get_template(template_name, using=using)
               ^^^^^^^^^^^^^^^^^^^^^^^^^^^^^^^^^^^^^^^^
  File "C:\Users\pc\AppData\Local\Packages\PythonSoftwareFoundation.Python.3.11_qbz5n2kfra8p0\LocalCache\local-packages\Python311\site-packages\django\template\loader.py", line 15, in get_template
    return engine.get_template(template_name)
           ^^^^^^^^^^^^^^^^^^^^^^^^^^^^^^^^^^
  File "C:\Users\pc\AppData\Local\Packages\PythonSoftwareFoundation.Python.3.11_qbz5n2kfra8p0\LocalCache\local-packages\Python311\site-packages\django\template\backends\django.py", line 33, in get_template
    return Template(self.engine.get_template(template_name), self)
                    ^^^^^^^^^^^^^^^^^^^^^^^^^^^^^^^^^^^^^^^
  File "C:\Users\pc\AppData\Local\Packages\PythonSoftwareFoundation.Python.3.11_qbz5n2kfra8p0\LocalCache\local-packages\Python311\site-packages\django\template\engine.py", line 177, in get_template
    template, origin = self.find_template(template_name)
                       ^^^^^^^^^^^^^^^^^^^^^^^^^^^^^^^^^
  File "C:\Users\pc\AppData\Local\Packages\PythonSoftwareFoundation.Python.3.11_qbz5n2kfra8p0\LocalCache\local-packages\Python311\site-packages\django\template\engine.py", line 159, in find_template
    template = loader.get_template(name, skip=skip)
               ^^^^^^^^^^^^^^^^^^^^^^^^^^^^^^^^^^^^
  File "C:\Users\pc\AppData\Local\Packages\PythonSoftwareFoundation.Python.3.11_qbz5n2kfra8p0\LocalCache\local-packages\Python311\site-packages\django\template\loaders\cached.py", line 57, in get_template
    template = super().get_template(template_name, skip)
               ^^^^^^^^^^^^^^^^^^^^^^^^^^^^^^^^^^^^^^^^^
  File "C:\Users\pc\AppData\Local\Packages\PythonSoftwareFoundation.Python.3.11_qbz5n2kfra8p0\LocalCache\local-packages\Python311\site-packages\django\template\loaders\base.py", line 28, in get_template
    return Template(
           ^^^^^^^^^
  File "C:\Users\pc\AppData\Local\Packages\PythonSoftwareFoundation.Python.3.11_qbz5n2kfra8p0\LocalCache\local-packages\Python311\site-packages\django\template\base.py", line 154, in __init__
    self.nodelist = self.compile_nodelist()
                    ^^^^^^^^^^^^^^^^^^^^^^^
  File "C:\Users\pc\AppData\Local\Packages\PythonSoftwareFoundation.Python.3.11_qbz5n2kfra8p0\LocalCache\local-packages\Python311\site-packages\django\template\base.py", line 196, in compile_nodelist
    return parser.parse()
           ^^^^^^^^^^^^^^
  File "C:\Users\pc\AppData\Local\Packages\PythonSoftwareFoundation.Python.3.11_qbz5n2kfra8p0\LocalCache\local-packages\Python311\site-packages\django\template\base.py", line 510, in parse
    raise self.error(token, e)
  File "C:\Users\pc\AppData\Local\Packages\PythonSoftwareFoundation.Python.3.11_qbz5n2kfra8p0\LocalCache\local-packages\Python311\site-packages\django\template\base.py", line 508, in parse
    compiled_result = compile_func(self, token)
                      ^^^^^^^^^^^^^^^^^^^^^^^^^
  File "C:\Users\pc\AppData\Local\Packages\PythonSoftwareFoundation.Python.3.11_qbz5n2kfra8p0\LocalCache\local-packages\Python311\site-packages\django\template\defaulttags.py", line 861, in do_for
    nodelist_loop = parser.parse(
                    ^^^^^^^^^^^^^
  File "C:\Users\pc\AppData\Local\Packages\PythonSoftwareFoundation.Python.3.11_qbz5n2kfra8p0\LocalCache\local-packages\Python311\site-packages\django\template\base.py", line 510, in parse
    raise self.error(token, e)
  File "C:\Users\pc\AppData\Local\Packages\PythonSoftwareFoundation.Python.3.11_qbz5n2kfra8p0\LocalCache\local-packages\Python311\site-packages\django\template\base.py", line 508, in parse
    compiled_result = compile_func(self, token)
                      ^^^^^^^^^^^^^^^^^^^^^^^^^
  File "C:\Users\pc\AppData\Local\Packages\PythonSoftwareFoundation.Python.3.11_qbz5n2kfra8p0\LocalCache\local-packages\Python311\site-packages\django\template\defaulttags.py", line 961, in do_if
    nodelist = parser.parse(("elif", "else", "endif"))
               ^^^^^^^^^^^^^^^^^^^^^^^^^^^^^^^^^^^^^^^
  File "C:\Users\pc\AppData\Local\Packages\PythonSoftwareFoundation.Python.3.11_qbz5n2kfra8p0\LocalCache\local-packages\Python311\site-packages\django\template\base.py", line 504, in parse
    self.invalid_block_tag(token, command, parse_until)
  File "C:\Users\pc\AppData\Local\Packages\PythonSoftwareFoundation.Python.3.11_qbz5n2kfra8p0\LocalCache\local-packages\Python311\site-packages\django\template\base.py", line 555, in invalid_block_tag
    raise self.error(
django.template.exceptions.TemplateSyntaxError: Invalid block tag on line 18: 'static', expected 'elif', 'else' or 'endif'. Did you forget to register or load this tag?
Internal Server Error: /category/
Traceback (most recent call last):
  File "C:\Users\pc\AppData\Local\Packages\PythonSoftwareFoundation.Python.3.11_qbz5n2kfra8p0\LocalCache\local-packages\Python311\site-packages\django\template\base.py", line 502, in parse
    compile_func = self.tags[command]
                   ~~~~~~~~~^^^^^^^^^
KeyError: 'static'

During handling of the above exception, another exception occurred:

Traceback (most recent call last):
  File "C:\Users\pc\AppData\Local\Packages\PythonSoftwareFoundation.Python.3.11_qbz5n2kfra8p0\LocalCache\local-packages\Python311\site-packages\django\core\handlers\exception.py", line 55, in inner
    response = get_response(request)
               ^^^^^^^^^^^^^^^^^^^^^
  File "C:\Users\pc\AppData\Local\Packages\PythonSoftwareFoundation.Python.3.11_qbz5n2kfra8p0\LocalCache\local-packages\Python311\site-packages\django\core\handlers\base.py", line 197, in _get_response
    response = wrapped_callback(request, *callback_args, **callback_kwargs)
               ^^^^^^^^^^^^^^^^^^^^^^^^^^^^^^^^^^^^^^^^^^^^^^^^^^^^^^^^^^^^
  File "C:\Users\pc\Desktop\football biding\SoccerBID\auctions\views.py", line 387, in categories
    return render(request, "auctions/categories.html", {
           ^^^^^^^^^^^^^^^^^^^^^^^^^^^^^^^^^^^^^^^^^^^^^
  File "C:\Users\pc\AppData\Local\Packages\PythonSoftwareFoundation.Python.3.11_qbz5n2kfra8p0\LocalCache\local-packages\Python311\site-packages\django\shortcuts.py", line 25, in render
    content = loader.render_to_string(template_name, context, request, using=using)
              ^^^^^^^^^^^^^^^^^^^^^^^^^^^^^^^^^^^^^^^^^^^^^^^^^^^^^^^^^^^^^^^^^^^^^
  File "C:\Users\pc\AppData\Local\Packages\PythonSoftwareFoundation.Python.3.11_qbz5n2kfra8p0\LocalCache\local-packages\Python311\site-packages\django\template\loader.py", line 61, in render_to_string
    template = get_template(template_name, using=using)
               ^^^^^^^^^^^^^^^^^^^^^^^^^^^^^^^^^^^^^^^^
  File "C:\Users\pc\AppData\Local\Packages\PythonSoftwareFoundation.Python.3.11_qbz5n2kfra8p0\LocalCache\local-packages\Python311\site-packages\django\template\loader.py", line 15, in get_template
    return engine.get_template(template_name)
           ^^^^^^^^^^^^^^^^^^^^^^^^^^^^^^^^^^
  File "C:\Users\pc\AppData\Local\Packages\PythonSoftwareFoundation.Python.3.11_qbz5n2kfra8p0\LocalCache\local-packages\Python311\site-packages\django\template\backends\django.py", line 33, in get_template
    return Template(self.engine.get_template(template_name), self)
                    ^^^^^^^^^^^^^^^^^^^^^^^^^^^^^^^^^^^^^^^
  File "C:\Users\pc\AppData\Local\Packages\PythonSoftwareFoundation.Python.3.11_qbz5n2kfra8p0\LocalCache\local-packages\Python311\site-packages\django\template\engine.py", line 177, in get_template
    template, origin = self.find_template(template_name)
                       ^^^^^^^^^^^^^^^^^^^^^^^^^^^^^^^^^
  File "C:\Users\pc\AppData\Local\Packages\PythonSoftwareFoundation.Python.3.11_qbz5n2kfra8p0\LocalCache\local-packages\Python311\site-packages\django\template\engine.py", line 159, in find_template
    template = loader.get_template(name, skip=skip)
               ^^^^^^^^^^^^^^^^^^^^^^^^^^^^^^^^^^^^
  File "C:\Users\pc\AppData\Local\Packages\PythonSoftwareFoundation.Python.3.11_qbz5n2kfra8p0\LocalCache\local-packages\Python311\site-packages\django\template\loaders\cached.py", line 57, in get_template
    template = super().get_template(template_name, skip)
               ^^^^^^^^^^^^^^^^^^^^^^^^^^^^^^^^^^^^^^^^^
  File "C:\Users\pc\AppData\Local\Packages\PythonSoftwareFoundation.Python.3.11_qbz5n2kfra8p0\LocalCache\local-packages\Python311\site-packages\django\template\loaders\base.py", line 28, in get_template
    return Template(
           ^^^^^^^^^
  File "C:\Users\pc\AppData\Local\Packages\PythonSoftwareFoundation.Python.3.11_qbz5n2kfra8p0\LocalCache\local-packages\Python311\site-packages\django\template\base.py", line 154, in __init__
    self.nodelist = self.compile_nodelist()
                    ^^^^^^^^^^^^^^^^^^^^^^^
  File "C:\Users\pc\AppData\Local\Packages\PythonSoftwareFoundation.Python.3.11_qbz5n2kfra8p0\LocalCache\local-packages\Python311\site-packages\django\template\base.py", line 196, in compile_nodelist
    return parser.parse()
           ^^^^^^^^^^^^^^
  File "C:\Users\pc\AppData\Local\Packages\PythonSoftwareFoundation.Python.3.11_qbz5n2kfra8p0\LocalCache\local-packages\Python311\site-packages\django\template\base.py", line 510, in parse
    raise self.error(token, e)
  File "C:\Users\pc\AppData\Local\Packages\PythonSoftwareFoundation.Python.3.11_qbz5n2kfra8p0\LocalCache\local-packages\Python311\site-packages\django\template\base.py", line 508, in parse
    compiled_result = compile_func(self, token)
                      ^^^^^^^^^^^^^^^^^^^^^^^^^
  File "C:\Users\pc\AppData\Local\Packages\PythonSoftwareFoundation.Python.3.11_qbz5n2kfra8p0\LocalCache\local-packages\Python311\site-packages\django\template\defaulttags.py", line 861, in do_for
    nodelist_loop = parser.parse(
                    ^^^^^^^^^^^^^
  File "C:\Users\pc\AppData\Local\Packages\PythonSoftwareFoundation.Python.3.11_qbz5n2kfra8p0\LocalCache\local-packages\Python311\site-packages\django\template\base.py", line 510, in parse
    raise self.error(token, e)
  File "C:\Users\pc\AppData\Local\Packages\PythonSoftwareFoundation.Python.3.11_qbz5n2kfra8p0\LocalCache\local-packages\Python311\site-packages\django\template\base.py", line 508, in parse
    compiled_result = compile_func(self, token)
                      ^^^^^^^^^^^^^^^^^^^^^^^^^
  File "C:\Users\pc\AppData\Local\Packages\PythonSoftwareFoundation.Python.3.11_qbz5n2kfra8p0\LocalCache\local-packages\Python311\site-packages\django\template\defaulttags.py", line 961, in do_if
    nodelist = parser.parse(("elif", "else", "endif"))
               ^^^^^^^^^^^^^^^^^^^^^^^^^^^^^^^^^^^^^^^
  File "C:\Users\pc\AppData\Local\Packages\PythonSoftwareFoundation.Python.3.11_qbz5n2kfra8p0\LocalCache\local-packages\Python311\site-packages\django\template\base.py", line 504, in parse
    self.invalid_block_tag(token, command, parse_until)
  File "C:\Users\pc\AppData\Local\Packages\PythonSoftwareFoundation.Python.3.11_qbz5n2kfra8p0\LocalCache\local-packages\Python311\site-packages\django\template\base.py", line 555, in invalid_block_tag
    raise self.error(
django.template.exceptions.TemplateSyntaxError: Invalid block tag on line 18: 'static', expected 'elif', 'else' or 'endif'. Did you forget to register or load this tag?
Not Found: /media/images/de_gea.jpeg
Not Found: /media/images/de_gea.jpeg
Not Found: /media/images/de_gea.jpeg
Not Found: /media/images/de_gea.jpeg
Bids for listing 20: <QuerySet []>
No bids found for listing 20
Bids for listing 20: <QuerySet []>
No bids found for listing 20
Bids for listing 20: <QuerySet []>
No bids found for listing 20
Bids for listing 20: <QuerySet []>
No bids found for listing 20
Not Found: /media/images/de_gea.jpeg
Not Found: /media/images/de_gea.jpeg
Not Found: /media/images/de_gea.jpeg
Bids for listing 20: <QuerySet []>
No bids found for listing 20
Bids for listing 20: <QuerySet []>
No bids found for listing 20
Bids for listing 20: <QuerySet []>
No bids found for listing 20
Not Found: /media/images/de_gea.jpeg
Not Found: /media/images/de_gea.jpeg
Not Found: /media/images/de_gea.jpeg
Not Found: /media/images/de_gea.jpeg
Not Found: /media/images/de_gea.jpeg
Bids for listing 19: <QuerySet []>
No bids found for listing 19
Bids for listing 19: <QuerySet []>
No bids found for listing 19
Not Found: /media/images/de_gea.jpeg
Not Found: /media/images/de_gea.jpeg
Not Found: /media/images/de_gea.jpeg
Not Found: /media/images/de_gea.jpeg
Bids for listing 21: <QuerySet [<Bid: Bid object (6)>]>
Highest bidder for listing 21: gmail
Not Found: /media/images/de_gea.jpeg
Not Found: /media/images/de_gea.jpeg
Not Found: /media/images/de_gea.jpeg
Not Found: /media/images/de_gea.jpeg
Not Found: /media/images/de_gea.jpeg
Not Found: /media/images/de_gea.jpeg
Bids for listing 21: <QuerySet [<Bid: Bid object (6)>]>
Highest bidder for listing 21: gmail
Not Found: /media/images/de_gea.jpeg
Not Found: /media/images/de_gea.jpeg
Not Found: /media/images/de_gea.jpeg
Not Found: /media/images/de_gea.jpeg
Not Found: /media/images/de_gea.jpeg
Not Found: /media/images/de_gea.jpeg
Not Found: /media/images/de_gea.jpeg
Bids for listing 20: <QuerySet []>
No bids found for listing 20
Not Found: /media/images/de_gea.jpeg
Bids for listing 24: <QuerySet []>
No bids found for listing 24
Bids for listing 24: <QuerySet []>
No bids found for listing 24
Not Found: /media/images/de_gea.jpeg
Not Found: /media/images/de_gea.jpeg
